<?xml version="1.0" encoding="UTF-8"?>
<!-- Generated by org.testng.reporters.JUnitXMLReporter -->
<testsuite hostname="HP" name="Task4_Chrome" tests="5" failures="0" timestamp="8 Oct 2017 20:11:54 GMT" time="22.067" errors="0">
  <testcase name="openNewProductPage" time="16.197" classname="task4.QATestTask4.tests.CreateProductTest"/>
  <testcase name="fillNewProductData" time="1.35" classname="task4.QATestTask4.tests.CreateProductTest"/>
  <testcase name="saveNewProduct" time="1.098" classname="task4.QATestTask4.tests.CreateProductTest"/>
  <testcase name="verifyCreatedProductInList" time="3.112" classname="task4.QATestTask4.tests.CreateProductTest"/>
  <testcase name="verifyDetailedProductInformation" time="0.202" classname="task4.QATestTask4.tests.CreateProductTest"/>
</testsuite> <!-- Task4_Chrome -->
